Command line:
   tba_isim_beh.exe
     -simmode  gui
     -simrunnum  1
     -socket  50570

Thu Dec 12 20:00:25 2013


 Elaboration Time: 0.078001 sec

 Current Memory Usage: 479.744 Meg

 Total Signals          : 15
 Total Nets             : 31
 Total Signal Drivers   : 9
 Total Blocks           : 5
 Total Primitive Blocks : 4
 Total Processes        : 7
 Total Traceable Variables  : 13
 Total Scalar Nets and Variables : 412
Total Line Count : 26

 Total Simulation Time: 0.093601 sec

 Current Memory Usage: 637.03 Meg

Fri Jan 17 11:02:07 2014

