Command line:
   multiplier_tb_isim_beh.exe
     -simmode  gui
     -simrunnum  0
     -socket  50093

Mon Sep 30 18:12:24 2013


 Elaboration Time: 0.09375 sec

 Current Memory Usage: 483.348 Meg

 Total Signals          : 10
 Total Nets             : 40
 Total Signal Drivers   : 5
 Total Blocks           : 4
 Total Primitive Blocks : 3
 Total Processes        : 4
 Total Traceable Variables  : 10
 Total Scalar Nets and Variables : 418
Total Line Count : 20

 Total Simulation Time: 0.140625 sec

 Current Memory Usage: 483.348 Meg

Mon Sep 30 18:12:29 2013

