Running: C:\Xilinx\13.2\ISE_DS\ISE\bin\nt\unwrapped\fuse.exe -intstyle ise -incremental -o Z:/Users/winda/Documents/hartford/ECE534/PROJECT/project-1/multiplier_tb_isim_beh.exe -prj Z:/Users/winda/Documents/hartford/ECE534/PROJECT/project-1/multiplier_tb_beh.prj work.multiplier_tb 
ISim O.61xd (signature 0x6dd86d03)
Number of CPUs detected in this system: 1
Turning on mult-threading, number of parallel sub-compilation jobs: 0 
Determining compilation order of HDL files
Parsing VHDL file "Z:/Users/winda/Documents/hartford/ECE534/PROJECT/project-1/multiplier.vhd" into library work
Parsing VHDL file "Z:/Users/winda/Documents/hartford/ECE534/PROJECT/project-1/multiplier_tb.vhd" into library work
Starting static elaboration
Completed static elaboration
Fuse Memory Usage: 96828 KB
Fuse CPU Usage: 218 ms
Compiling package standard
Compiling package std_logic_1164
Compiling package std_logic_arith
Compiling architecture behavioral of entity multiplier [multiplier_default]
Compiling architecture behavior of entity multiplier_tb
Time Resolution for simulation is 1ps.
Compiled 6 VHDL Units
Built simulation executable Z:/Users/winda/Documents/hartford/ECE534/PROJECT/project-1/multiplier_tb_isim_beh.exe
Fuse Memory Usage: 108652 KB
Fuse CPU Usage: 437 ms
